<?xml version="1.0" encoding="UTF-8"?>
<!-- Generated by org.testng.reporters.JUnitReportReporter -->
<testsuite hostname="Faruq" failures="0" tests="2" name="webDriverCommand.FacebookLoginTest" time="0.018" errors="0" timestamp="2024-07-07T13:20:27 EDT" skipped="0">
  <testcase classname="webDriverCommand.FacebookLoginTest" name="urlTest" time="0.008"/>
  <system-out/>
  <testcase classname="webDriverCommand.FacebookLoginTest" name="titleTest" time="0.010"/>
  <system-out/>
</testsuite> <!-- webDriverCommand.FacebookLoginTest -->
