<?xml version="1.0" encoding="UTF-8"?>
<!-- Generated by org.testng.reporters.JUnitReportReporter -->
<testsuite hostname="Faruq" failures="0" tests="3" name="webDriverCommand.HowToOpenBrowserAndApplication" time="14.996" errors="0" timestamp="2024-07-14T12:14:45 EDT" skipped="0">
  <testcase classname="webDriverCommand.HowToOpenBrowserAndApplication" name="openApplicationWithChrome" time="2.304"/>
  <system-out/>
  <testcase classname="webDriverCommand.HowToOpenBrowserAndApplication" name="openApplicationWithFirefox" time="7.983"/>
  <system-out/>
  <testcase classname="webDriverCommand.HowToOpenBrowserAndApplication" name="openApplicationWithEdge" time="4.709"/>
  <system-out/>
</testsuite> <!-- webDriverCommand.HowToOpenBrowserAndApplication -->
