<?xml version="1.0" encoding="UTF-8"?>
<!-- Generated by org.testng.reporters.JUnitReportReporter -->
<testsuite hostname="Faruq" failures="0" tests="1" name="locators.ContainXpath" time="0.099" errors="0" timestamp="2024-08-25T10:53:36 EDT" skipped="0">
  <testcase classname="locators.ContainXpath" name="partialContainTextMethod" time="0.099"/>
  <system-out/>
</testsuite> <!-- locators.ContainXpath -->
