<?xml version="1.0" encoding="UTF-8"?>
<!-- Generated by org.testng.reporters.JUnitReportReporter -->
<testsuite hostname="Faruq" failures="0" tests="2" name="facebookLinks.EspanolLinkTest" time="2.055" errors="0" timestamp="2024-07-13T13:55:27 EDT" skipped="0">
  <testcase classname="facebookLinks.EspanolLinkTest" name="espanolLinkTest" time="0.667"/>
  <system-out/>
  <testcase classname="facebookLinks.EspanolLinkTest" name="hindiLinkTest" time="1.388"/>
  <system-out/>
</testsuite> <!-- facebookLinks.EspanolLinkTest -->
