<?xml version="1.0" encoding="UTF-8"?>
<!-- Generated by org.testng.reporters.JUnitReportReporter -->
<testsuite hostname="Faruq" failures="0" tests="2" name="facebookBase.LoginTest" time="10.651" errors="0" timestamp="2024-07-14T12:14:45 EDT" skipped="0">
  <testcase classname="facebookBase.LoginTest" name="validLoginTest" time="5.184"/>
  <system-out/>
  <testcase classname="facebookBase.LoginTest" name="invalidLoginTest" time="5.467"/>
  <system-out/>
</testsuite> <!-- facebookBase.LoginTest -->
