<?xml version="1.0" encoding="UTF-8"?>
<!-- Generated by org.testng.reporters.JUnitReportReporter -->
<testsuite hostname="Faruq" failures="0" tests="1" name="synchronization.ImplicitWait" time="2.646" errors="0" timestamp="2024-09-08T12:18:26 EDT" skipped="0">
  <testcase classname="synchronization.ImplicitWait" name="loginTest" time="2.646"/>
  <system-out/>
</testsuite> <!-- synchronization.ImplicitWait -->
