<?xml version="1.0" encoding="UTF-8"?>
<!-- Generated by org.testng.reporters.JUnitReportReporter -->
<testsuite hostname="Faruq" failures="0" tests="1" name="facebookLogin.LoginTest" time="19.764" errors="0" timestamp="2024-07-13T12:32:20 EDT" skipped="0">
  <testcase classname="facebookLogin.LoginTest" name="invalidLoginTest" time="19.764"/>
  <system-out/>
</testsuite> <!-- facebookLogin.LoginTest -->
