<?xml version="1.0" encoding="UTF-8"?>
<!-- Generated by org.testng.reporters.JUnitReportReporter -->
<testsuite hostname="Faruq" failures="0" tests="1" name="webDriverCommand.FacebookLoginTest" time="0.018" errors="0" timestamp="2024-07-13T08:34:48 EDT" skipped="0">
  <testcase classname="webDriverCommand.FacebookLoginTest" name="urlTest" time="0.018"/>
  <system-out/>
</testsuite> <!-- webDriverCommand.FacebookLoginTest -->
