<?xml version="1.0" encoding="UTF-8"?>
<!-- Generated by org.testng.reporters.JUnitReportReporter -->
<testsuite hostname="Faruq" failures="0" tests="2" name="webDriverCommand.FacebookUrlAndTitleTest2" time="6.891" errors="0" timestamp="2024-07-13T08:44:21 EDT" skipped="0">
  <testcase classname="webDriverCommand.FacebookUrlAndTitleTest2" name="titleTest" time="3.314"/>
  <system-out/>
  <testcase classname="webDriverCommand.FacebookUrlAndTitleTest2" name="urlTest" time="3.577"/>
  <system-out/>
</testsuite> <!-- webDriverCommand.FacebookUrlAndTitleTest2 -->
