<?xml version="1.0" encoding="UTF-8"?>
<!-- Generated by org.testng.reporters.JUnitReportReporter -->
<testsuite hostname="Faruq" failures="0" tests="1" name="facebookBase.LoginTestWithMultipleBrowser" time="9.263" errors="0" timestamp="2024-08-04T12:41:38 EDT" skipped="0">
  <testcase classname="facebookBase.LoginTestWithMultipleBrowser" name="loginTest" time="9.263"/>
  <system-out/>
</testsuite> <!-- facebookBase.LoginTestWithMultipleBrowser -->
