<?xml version="1.0" encoding="UTF-8"?>
<!-- Generated by org.testng.reporters.JUnitReportReporter -->
<testsuite hostname="Faruq" failures="0" tests="1" name="locators.DynamicXpath" time="0.122" errors="0" timestamp="2024-08-25T11:57:10 EDT" skipped="0">
  <testcase classname="locators.DynamicXpath" name="userNameTest" time="0.122"/>
  <system-out/>
</testsuite> <!-- locators.DynamicXpath -->
