<?xml version="1.0" encoding="UTF-8"?>
<!-- Generated by org.testng.reporters.JUnitReportReporter -->
<testsuite hostname="Faruq" failures="0" tests="2" name="facebookBase.LinkTest" time="6.794" errors="0" timestamp="2024-07-14T12:14:45 EDT" skipped="0">
  <testcase classname="facebookBase.LinkTest" name="messengerLinkTest" time="3.562"/>
  <system-out/>
  <testcase classname="facebookBase.LinkTest" name="espanolLinkTest" time="3.232"/>
  <system-out/>
</testsuite> <!-- facebookBase.LinkTest -->
