<?xml version="1.0" encoding="UTF-8"?>
<!-- Generated by org.testng.reporters.JUnitReportReporter -->
<testsuite hostname="Faruq" failures="0" tests="1" name="locators.XpathLoop" time="1.521" errors="0" timestamp="2024-08-25T11:20:25 EDT" skipped="0">
  <testcase classname="locators.XpathLoop" name="xPathIndexTest" time="1.521"/>
  <system-out/>
</testsuite> <!-- locators.XpathLoop -->
