<?xml version="1.0" encoding="UTF-8"?>
<!-- Generated by org.testng.reporters.JUnitReportReporter -->
<testsuite hostname="Faruq" failures="0" tests="2" name="webDriverCommand.FacebookUrlAndTitleTest" time="0.020" errors="0" timestamp="2024-07-14T12:14:45 EDT" skipped="0">
  <testcase classname="webDriverCommand.FacebookUrlAndTitleTest" name="titleTest" time="0.009"/>
  <system-out/>
  <testcase classname="webDriverCommand.FacebookUrlAndTitleTest" name="urlTest" time="0.011"/>
  <system-out/>
</testsuite> <!-- webDriverCommand.FacebookUrlAndTitleTest -->
