<?xml version="1.0" encoding="UTF-8"?>
<!-- Generated by org.testng.reporters.JUnitReportReporter -->
<testsuite hostname="Faruq" failures="0" tests="1" name="synchronization.ExplicitTest" time="0.347" errors="0" timestamp="2024-09-08T13:17:14 EDT" skipped="0">
  <testcase classname="synchronization.ExplicitTest" name="loginTest" time="0.347"/>
  <system-out/>
</testsuite> <!-- synchronization.ExplicitTest -->
