<?xml version="1.0" encoding="UTF-8"?>
<!-- Generated by org.testng.reporters.JUnitReportReporter -->
<testsuite hostname="Faruq" failures="0" tests="1" name="locators.BasicXpath" time="0.613" errors="0" timestamp="2024-08-25T10:40:35 EDT" skipped="0">
  <testcase classname="locators.BasicXpath" name="linkXpath" time="0.613"/>
  <system-out/>
</testsuite> <!-- locators.BasicXpath -->
