<?xml version="1.0" encoding="UTF-8"?>
<!-- Generated by org.testng.reporters.JUnitReportReporter -->
<testsuite hostname="Faruq" failures="0" tests="1" name="pomWithPageFactory.Pf_LoginTest" time="7.283" errors="0" timestamp="2024-09-08T11:26:45 EDT" skipped="0">
  <testcase classname="pomWithPageFactory.Pf_LoginTest" name="validLoginTest" time="7.283"/>
  <system-out/>
</testsuite> <!-- pomWithPageFactory.Pf_LoginTest -->
