<?xml version="1.0" encoding="UTF-8"?>
<!-- Generated by org.testng.reporters.JUnitReportReporter -->
<testsuite hostname="Faruq" failures="0" tests="3" name="pageObjectModel.LoginTest" time="11.286" errors="0" timestamp="2024-09-01T12:03:41 EDT" skipped="0">
  <testcase classname="pageObjectModel.LoginTest" name="invalidUserLoginTest" time="3.252"/>
  <system-out/>
  <testcase classname="pageObjectModel.LoginTest" name="invalidLoginTest" time="2.836"/>
  <system-out/>
  <testcase classname="pageObjectModel.LoginTest" name="validLoginTest" time="5.198"/>
  <system-out/>
</testsuite> <!-- pageObjectModel.LoginTest -->
