<?xml version="1.0" encoding="UTF-8"?>
<!-- Generated by org.testng.reporters.JUnitReportReporter -->
<testsuite hostname="Faruq" failures="0" tests="4" name="dynamicCoding.DynamicLoginTest" time="15.321" errors="0" timestamp="2024-09-01T09:51:21 EDT" skipped="0">
  <testcase classname="dynamicCoding.DynamicLoginTest" name="invalidPasswordTest" time="4.741"/>
  <system-out/>
  <testcase classname="dynamicCoding.DynamicLoginTest" name="invalidUserNameTest" time="3.640"/>
  <system-out/>
  <testcase classname="dynamicCoding.DynamicLoginTest" name="validLoginTest" time="3.650"/>
  <system-out/>
  <testcase classname="dynamicCoding.DynamicLoginTest" name="validUserNameInvlidPassowrdLoginTest" time="3.290"/>
  <system-out/>
</testsuite> <!-- dynamicCoding.DynamicLoginTest -->
