<?xml version="1.0" encoding="UTF-8"?>
<!-- Generated by org.testng.reporters.JUnitReportReporter -->
<testsuite hostname="Faruq" failures="0" tests="2" name="facebookLogin.LoginTest" time="23.060" errors="0" timestamp="2024-07-14T12:14:45 EDT" skipped="0">
  <testcase classname="facebookLogin.LoginTest" name="validLoginTest" time="3.730"/>
  <system-out/>
  <testcase classname="facebookLogin.LoginTest" name="invalidLoginTest" time="19.330"/>
  <system-out/>
</testsuite> <!-- facebookLogin.LoginTest -->
