<?xml version="1.0" encoding="UTF-8"?>
<!-- Generated by org.testng.reporters.JUnitReportReporter -->
<testsuite hostname="Faruq" failures="0" tests="2" name="facebookLinks.LinkTest" time="1.103" errors="0" timestamp="2024-07-14T12:14:45 EDT" skipped="0">
  <testcase classname="facebookLinks.LinkTest" name="espanolLinkTest" time="0.591"/>
  <system-out/>
  <testcase classname="facebookLinks.LinkTest" name="hindiLinkTest" time="0.512"/>
  <system-out/>
</testsuite> <!-- facebookLinks.LinkTest -->
