<?xml version="1.0" encoding="UTF-8"?>
<!-- Generated by org.testng.reporters.JUnitReportReporter -->
<testsuite hostname="Faruq" failures="0" tests="1" name="locators.DirectLocators" time="4.024" errors="0" timestamp="2024-08-18T13:18:10 EDT" skipped="0">
  <testcase classname="locators.DirectLocators" name="loginTest" time="4.024"/>
  <system-out/>
</testsuite> <!-- locators.DirectLocators -->
